<?xml version="1.0" encoding="UTF-8"?>
<testng-results ignored="0" total="1" passed="1" failed="0" skipped="0">
  <reporter-output>
  </reporter-output>
  <suite started-at="2023-05-04T14:27:50Z" name="Default suite" finished-at="2023-05-04T14:28:22Z" duration-ms="32179">
    <groups>
    </groups>
    <test started-at="2023-05-04T14:27:50Z" name="Default test" finished-at="2023-05-04T14:28:22Z" duration-ms="32179">
      <class name="variousconcept.learnTestNG">
        <test-method is-config="true" signature="readConfig()[pri:0, instance:variousconcept.learnTestNG@babafc2]" started-at="2023-05-04T14:27:50Z" name="readConfig" finished-at="2023-05-04T14:27:50Z" duration-ms="27" status="PASS">
          <reporter-output>
          </reporter-output>
        </test-method> <!-- readConfig -->
        <test-method is-config="true" signature="init()[pri:0, instance:variousconcept.learnTestNG@babafc2]" started-at="2023-05-04T14:27:50Z" name="init" finished-at="2023-05-04T14:28:10Z" duration-ms="20738" status="PASS">
          <reporter-output>
          </reporter-output>
        </test-method> <!-- init -->
        <test-method signature="addCustomer()[pri:0, instance:variousconcept.learnTestNG@babafc2]" started-at="2023-05-04T14:28:10Z" name="addCustomer" finished-at="2023-05-04T14:28:22Z" duration-ms="11355" status="PASS">
          <reporter-output>
          </reporter-output>
        </test-method> <!-- addCustomer -->
      </class> <!-- variousconcept.learnTestNG -->
    </test> <!-- Default test -->
  </suite> <!-- Default suite -->
</testng-results>
